Compiling the C compiler identification source file "CMakeCCompilerId.c" failed.
Compiler: /usr/bin/arm-none-eabi-gcc 
Build flags: 
Id flags:  

The output was:
1
/usr/lib/gcc/arm-none-eabi/9.2.1/../../../arm-none-eabi/bin/ld: /usr/lib/gcc/arm-none-eabi/9.2.1/../../../arm-none-eabi/lib/libc.a(lib_a-exit.o): in function `exit':
/build/newlib-CVVEyx/newlib-3.3.0/build/arm-none-eabi/newlib/libc/stdlib/../../../../../newlib/libc/stdlib/exit.c:64: undefined reference to `_exit'
collect2: error: ld returned 1 exit status


Compiling the CXX compiler identification source file "CMakeCXXCompilerId.cpp" failed.
Compiler: /usr/bin/arm-none-eabi-g++ 
Build flags: 
Id flags:  

The output was:
1
/usr/lib/gcc/arm-none-eabi/9.2.1/../../../arm-none-eabi/bin/ld: /usr/lib/gcc/arm-none-eabi/9.2.1/../../../arm-none-eabi/lib/libc.a(lib_a-exit.o): in function `exit':
/build/newlib-CVVEyx/newlib-3.3.0/build/arm-none-eabi/newlib/libc/stdlib/../../../../../newlib/libc/stdlib/exit.c:64: undefined reference to `_exit'
collect2: error: ld returned 1 exit status


Determining if the C compiler works failed with the following output:
Change Dir: /home/a/git/My-Emulator/build/CMakeFiles/CMakeTmp

Run Build Command(s):/usr/bin/make cmTC_e2cf0/fast && /usr/bin/make -f CMakeFiles/cmTC_e2cf0.dir/build.make CMakeFiles/cmTC_e2cf0.dir/build
make[1]: Entering directory '/home/a/git/My-Emulator/build/CMakeFiles/CMakeTmp'
Building C object CMakeFiles/cmTC_e2cf0.dir/testCCompiler.c.o
/usr/bin/arm-none-eabi-gcc    -o CMakeFiles/cmTC_e2cf0.dir/testCCompiler.c.o   -c /home/a/git/My-Emulator/build/CMakeFiles/CMakeTmp/testCCompiler.c
Linking C executable cmTC_e2cf0
/usr/bin/cmake -E cmake_link_script CMakeFiles/cmTC_e2cf0.dir/link.txt --verbose=1
/usr/bin/arm-none-eabi-gcc      CMakeFiles/cmTC_e2cf0.dir/testCCompiler.c.o  -o cmTC_e2cf0 
/usr/lib/gcc/arm-none-eabi/9.2.1/../../../arm-none-eabi/bin/ld: /usr/lib/gcc/arm-none-eabi/9.2.1/../../../arm-none-eabi/lib/libc.a(lib_a-exit.o): in function `exit':
/build/newlib-CVVEyx/newlib-3.3.0/build/arm-none-eabi/newlib/libc/stdlib/../../../../../newlib/libc/stdlib/exit.c:64: undefined reference to `_exit'
collect2: error: ld returned 1 exit status
make[1]: *** [CMakeFiles/cmTC_e2cf0.dir/build.make:87: cmTC_e2cf0] Error 1
make[1]: Leaving directory '/home/a/git/My-Emulator/build/CMakeFiles/CMakeTmp'
make: *** [Makefile:121: cmTC_e2cf0/fast] Error 2



Compiling the C compiler identification source file "CMakeCCompilerId.c" failed.
Compiler: /usr/bin/arm-none-eabi-gcc 
Build flags: 
Id flags:  

The output was:
1
/usr/lib/gcc/arm-none-eabi/9.2.1/../../../arm-none-eabi/bin/ld: /usr/lib/gcc/arm-none-eabi/9.2.1/../../../arm-none-eabi/lib/libc.a(lib_a-exit.o): in function `exit':
/build/newlib-CVVEyx/newlib-3.3.0/build/arm-none-eabi/newlib/libc/stdlib/../../../../../newlib/libc/stdlib/exit.c:64: undefined reference to `_exit'
collect2: error: ld returned 1 exit status


Compiling the CXX compiler identification source file "CMakeCXXCompilerId.cpp" failed.
Compiler: /usr/bin/arm-none-eabi-g++ 
Build flags: 
Id flags:  

The output was:
1
/usr/lib/gcc/arm-none-eabi/9.2.1/../../../arm-none-eabi/bin/ld: /usr/lib/gcc/arm-none-eabi/9.2.1/../../../arm-none-eabi/lib/libc.a(lib_a-exit.o): in function `exit':
/build/newlib-CVVEyx/newlib-3.3.0/build/arm-none-eabi/newlib/libc/stdlib/../../../../../newlib/libc/stdlib/exit.c:64: undefined reference to `_exit'
collect2: error: ld returned 1 exit status


Determining if the C compiler works failed with the following output:
Change Dir: /home/a/git/My-Emulator/build/CMakeFiles/CMakeTmp

Run Build Command(s):/usr/bin/make cmTC_3733d/fast && /usr/bin/make -f CMakeFiles/cmTC_3733d.dir/build.make CMakeFiles/cmTC_3733d.dir/build
make[1]: Entering directory '/home/a/git/My-Emulator/build/CMakeFiles/CMakeTmp'
Building C object CMakeFiles/cmTC_3733d.dir/testCCompiler.c.o
/usr/bin/arm-none-eabi-gcc    -o CMakeFiles/cmTC_3733d.dir/testCCompiler.c.o   -c /home/a/git/My-Emulator/build/CMakeFiles/CMakeTmp/testCCompiler.c
Linking C executable cmTC_3733d
/usr/bin/cmake -E cmake_link_script CMakeFiles/cmTC_3733d.dir/link.txt --verbose=1
/usr/bin/arm-none-eabi-gcc      CMakeFiles/cmTC_3733d.dir/testCCompiler.c.o  -o cmTC_3733d 
/usr/lib/gcc/arm-none-eabi/9.2.1/../../../arm-none-eabi/bin/ld: /usr/lib/gcc/arm-none-eabi/9.2.1/../../../arm-none-eabi/lib/libc.a(lib_a-exit.o): in function `exit':
/build/newlib-CVVEyx/newlib-3.3.0/build/arm-none-eabi/newlib/libc/stdlib/../../../../../newlib/libc/stdlib/exit.c:64: undefined reference to `_exit'
collect2: error: ld returned 1 exit status
make[1]: *** [CMakeFiles/cmTC_3733d.dir/build.make:87: cmTC_3733d] Error 1
make[1]: Leaving directory '/home/a/git/My-Emulator/build/CMakeFiles/CMakeTmp'
make: *** [Makefile:121: cmTC_3733d/fast] Error 2



Compiling the C compiler identification source file "CMakeCCompilerId.c" failed.
Compiler: /usr/bin/arm-none-eabi-gcc 
Build flags: 
Id flags:  

The output was:
1
/usr/lib/gcc/arm-none-eabi/9.2.1/../../../arm-none-eabi/bin/ld: /usr/lib/gcc/arm-none-eabi/9.2.1/../../../arm-none-eabi/lib/libc.a(lib_a-exit.o): in function `exit':
/build/newlib-CVVEyx/newlib-3.3.0/build/arm-none-eabi/newlib/libc/stdlib/../../../../../newlib/libc/stdlib/exit.c:64: undefined reference to `_exit'
collect2: error: ld returned 1 exit status


Compiling the CXX compiler identification source file "CMakeCXXCompilerId.cpp" failed.
Compiler: /usr/bin/arm-none-eabi-g++ 
Build flags: 
Id flags:  

The output was:
1
/usr/lib/gcc/arm-none-eabi/9.2.1/../../../arm-none-eabi/bin/ld: /usr/lib/gcc/arm-none-eabi/9.2.1/../../../arm-none-eabi/lib/libc.a(lib_a-exit.o): in function `exit':
/build/newlib-CVVEyx/newlib-3.3.0/build/arm-none-eabi/newlib/libc/stdlib/../../../../../newlib/libc/stdlib/exit.c:64: undefined reference to `_exit'
collect2: error: ld returned 1 exit status


Determining if the C compiler works failed with the following output:
Change Dir: /home/a/git/My-Emulator/build/CMakeFiles/CMakeTmp

Run Build Command(s):/usr/bin/make cmTC_87297/fast && /usr/bin/make -f CMakeFiles/cmTC_87297.dir/build.make CMakeFiles/cmTC_87297.dir/build
make[1]: Entering directory '/home/a/git/My-Emulator/build/CMakeFiles/CMakeTmp'
Building C object CMakeFiles/cmTC_87297.dir/testCCompiler.c.o
/usr/bin/arm-none-eabi-gcc    -o CMakeFiles/cmTC_87297.dir/testCCompiler.c.o   -c /home/a/git/My-Emulator/build/CMakeFiles/CMakeTmp/testCCompiler.c
Linking C executable cmTC_87297
/usr/bin/cmake -E cmake_link_script CMakeFiles/cmTC_87297.dir/link.txt --verbose=1
/usr/bin/arm-none-eabi-gcc      CMakeFiles/cmTC_87297.dir/testCCompiler.c.o  -o cmTC_87297 
/usr/lib/gcc/arm-none-eabi/9.2.1/../../../arm-none-eabi/bin/ld: /usr/lib/gcc/arm-none-eabi/9.2.1/../../../arm-none-eabi/lib/libc.a(lib_a-exit.o): in function `exit':
/build/newlib-CVVEyx/newlib-3.3.0/build/arm-none-eabi/newlib/libc/stdlib/../../../../../newlib/libc/stdlib/exit.c:64: undefined reference to `_exit'
collect2: error: ld returned 1 exit status
make[1]: *** [CMakeFiles/cmTC_87297.dir/build.make:87: cmTC_87297] Error 1
make[1]: Leaving directory '/home/a/git/My-Emulator/build/CMakeFiles/CMakeTmp'
make: *** [Makefile:121: cmTC_87297/fast] Error 2



